<?xml version="1.0" encoding="UTF-8"?>
<!-- Generated by org.testng.reporters.JUnitReportReporter -->
<testsuite skipped="0" hostname="Suresh-PC" name="com.freecrm.qa.testcases.LoginPageTest" tests="3" failures="0" timestamp="01 Nov 2018 07:41:07 GMT" time="55.700" errors="0">
  <testcase name="loginPageTitleTest" time="12.565" classname="com.freecrm.qa.testcases.LoginPageTest"/>
  <testcase name="crmImageLogotest" time="20.078" classname="com.freecrm.qa.testcases.LoginPageTest"/>
  <testcase name="logintest" time="23.057" classname="com.freecrm.qa.testcases.LoginPageTest"/>
</testsuite> <!-- com.freecrm.qa.testcases.LoginPageTest -->
